# JRE version: Java(TM) SE Runtime Environment (21.0.1+12) (build 21.0.1+12-LTS-29)
# Java VM: Java HotSpot(TM) 64-Bit Server VM (21.0.1+12-LTS-29, mixed mode, sharing, tiered, compressed oops, compressed class ptrs, g1 gc, windows-amd64)
GC Precious Log:
 CardTable entry size: 512
 Card Set container configuration: InlinePtr #cards 4 size 8 Array Of Cards #cards 16 size 48 Howl #buckets 8 coarsen threshold 3686 Howl Bitmap #cards 512 size 80 coarsen threshold 460 Card regions per heap region 1 cards per card region 4096
 CPUs: 8 total, 8 available
 Memory: 15990M
 Large Page Support: Disabled
 NUMA Support: Disabled
 Compressed Oops: Enabled (Zero based)
 Heap Region Size: 2M
 Heap Min Capacity: 8M
 Heap Initial Capacity: 250M
 Heap Max Capacity: 3998M
 Pre-touch: Disabled
 Parallel Workers: 8
 Concurrent Workers: 2
 Concurrent Refinement Workers: 8
 Periodic GC: Disabled
Heap:
 garbage-first heap   total 61440K, used 22303K [0x0000000706200000, 0x0000000800000000)
  region size 2048K, 3 young (6144K), 2 survivors (4096K)
 Metaspace       used 46658K, committed 47232K, reserved 1114112K
  class space    used 5976K, committed 6208K, reserved 1048576K
GC Heap History (14 events):
Event: 0.576 GC heap before
{Heap before GC invocations=0 (full 0):
 garbage-first heap   total 256000K, used 20480K [0x0000000706200000, 0x0000000800000000)
  region size 2048K, 11 young (22528K), 0 survivors (0K)
 Metaspace       used 5738K, committed 5952K, reserved 1114112K
  class space    used 654K, committed 768K, reserved 1048576K
}
Event: 0.581 GC heap after
{Heap after GC invocations=1 (full 0):
 garbage-first heap   total 256000K, used 6658K [0x0000000706200000, 0x0000000800000000)
  region size 2048K, 2 young (4096K), 2 survivors (4096K)
 Metaspace       used 5738K, committed 5952K, reserved 1114112K
  class space    used 654K, committed 768K, reserved 1048576K
}
Event: 1.016 GC heap before
{Heap before GC invocations=1 (full 0):
 garbage-first heap   total 256000K, used 33282K [0x0000000706200000, 0x0000000800000000)
  region size 2048K, 15 young (30720K), 2 survivors (4096K)
 Metaspace       used 12881K, committed 13120K, reserved 1114112K
  class space    used 1544K, committed 1664K, reserved 1048576K
}
Event: 1.021 GC heap after
{Heap after GC invocations=2 (full 0):
 garbage-first heap   total 256000K, used 9840K [0x0000000706200000, 0x0000000800000000)
  region size 2048K, 2 young (4096K), 2 survivors (4096K)
 Metaspace       used 12881K, committed 13120K, reserved 1114112K
  class space    used 1544K, committed 1664K, reserved 1048576K
}
Event: 1.771 GC heap before
{Heap before GC invocations=2 (full 0):
 garbage-first heap   total 256000K, used 56944K [0x0000000706200000, 0x0000000800000000)
  region size 2048K, 27 young (55296K), 2 survivors (4096K)
 Metaspace       used 21163K, committed 21504K, reserved 1114112K
  class space    used 2571K, committed 2752K, reserved 1048576K
}
Event: 1.778 GC heap after
{Heap after GC invocations=3 (full 0):
 garbage-first heap   total 256000K, used 14171K [0x0000000706200000, 0x0000000800000000)
  region size 2048K, 4 young (8192K), 4 survivors (8192K)
 Metaspace       used 21163K, committed 21504K, reserved 1114112K
  class space    used 2571K, committed 2752K, reserved 1048576K
}
Event: 2.577 GC heap before
{Heap before GC invocations=4 (full 0):
 garbage-first heap   total 61440K, used 42843K [0x0000000706200000, 0x0000000800000000)
  region size 2048K, 18 young (36864K), 4 survivors (8192K)
 Metaspace       used 26316K, committed 26816K, reserved 1114112K
  class space    used 3331K, committed 3520K, reserved 1048576K
}
Event: 2.585 GC heap after
{Heap after GC invocations=5 (full 0):
 garbage-first heap   total 61440K, used 17327K [0x0000000706200000, 0x0000000800000000)
  region size 2048K, 2 young (4096K), 2 survivors (4096K)
 Metaspace       used 26316K, committed 26816K, reserved 1114112K
  class space    used 3331K, committed 3520K, reserved 1048576K
}
Event: 3.181 GC heap before
{Heap before GC invocations=5 (full 0):
 garbage-first heap   total 61440K, used 43951K [0x0000000706200000, 0x0000000800000000)
  region size 2048K, 15 young (30720K), 2 survivors (4096K)
 Metaspace       used 32104K, committed 32640K, reserved 1114112K
  class space    used 4080K, committed 4288K, reserved 1048576K
}
Event: 3.186 GC heap after
{Heap after GC invocations=6 (full 0):
 garbage-first heap   total 61440K, used 18674K [0x0000000706200000, 0x0000000800000000)
  region size 2048K, 1 young (2048K), 1 survivors (2048K)
 Metaspace       used 32104K, committed 32640K, reserved 1114112K
  class space    used 4080K, committed 4288K, reserved 1048576K
}
Event: 3.455 GC heap before
{Heap before GC invocations=6 (full 0):
 garbage-first heap   total 61440K, used 30962K [0x0000000706200000, 0x0000000800000000)
  region size 2048K, 8 young (16384K), 1 survivors (2048K)
 Metaspace       used 35480K, committed 35968K, reserved 1114112K
  class space    used 4622K, committed 4864K, reserved 1048576K
}
Event: 3.457 GC heap after
{Heap after GC invocations=7 (full 0):
 garbage-first heap   total 61440K, used 19493K [0x0000000706200000, 0x0000000800000000)
  region size 2048K, 2 young (4096K), 2 survivors (4096K)
 Metaspace       used 35480K, committed 35968K, reserved 1114112K
  class space    used 4622K, committed 4864K, reserved 1048576K
}
Event: 4.296 GC heap before
{Heap before GC invocations=8 (full 0):
 garbage-first heap   total 61440K, used 48165K [0x0000000706200000, 0x0000000800000000)
  region size 2048K, 16 young (32768K), 2 survivors (4096K)
 Metaspace       used 46423K, committed 46976K, reserved 1114112K
  class space    used 5945K, committed 6208K, reserved 1048576K
}
Event: 4.301 GC heap after
{Heap after GC invocations=9 (full 0):
 garbage-first heap   total 61440K, used 22303K [0x0000000706200000, 0x0000000800000000)
  region size 2048K, 2 young (4096K), 2 survivors (4096K)
 Metaspace       used 46423K, committed 46976K, reserved 1114112K
  class space    used 5945K, committed 6208K, reserved 1048576K
}

